<?xml version="1.0" encoding="UTF-8"?>
<!-- Generated by org.testng.reporters.JUnitReportReporter -->
<testsuite name="base.TestBase" tests="1" time="0.012" ignored="0" failures="0" timestamp="08 Mar 2018 17:45:58 GMT" skipped="0" hostname="MOHAMMADs-MacBook-Pro.local" errors="0">
  <testcase name="sampleTest" time="0.012" classname="base.TestBase"/>
</testsuite> <!-- base.TestBase -->
